<?xml version="1.0" encoding="UTF-8"?>
<coverage generated="1639922941678" clover="3.2.0">
  <project timestamp="1639922941679" name="All files">
    <metrics statements="34" coveredstatements="8" conditionals="10" coveredconditionals="0" methods="12" coveredmethods="1" elements="56" coveredelements="9" complexity="0" loc="34" ncloc="34" packages="1" files="1" classes="1"/>
    <file name="App.js" path="/var/www/html/upgrade/src/App.js">
      <metrics statements="34" coveredstatements="8" conditionals="10" coveredconditionals="0" methods="12" coveredmethods="1"/>
      <line num="3" count="1" type="stmt"/>
      <line num="4" count="0" type="cond" truecount="0" falsecount="2"/>
      <line num="5" count="0" type="stmt"/>
      <line num="7" count="0" type="cond" truecount="0" falsecount="4"/>
      <line num="8" count="0" type="stmt"/>
      <line num="10" count="0" type="stmt"/>
      <line num="14" count="1" type="stmt"/>
      <line num="15" count="1" type="stmt"/>
      <line num="16" count="1" type="stmt"/>
      <line num="17" count="1" type="stmt"/>
      <line num="19" count="1" type="stmt"/>
      <line num="20" count="0" type="stmt"/>
      <line num="21" count="0" type="stmt"/>
      <line num="23" count="0" type="stmt"/>
      <line num="26" count="1" type="stmt"/>
      <line num="27" count="0" type="cond" truecount="0" falsecount="2"/>
      <line num="28" count="0" type="stmt"/>
      <line num="31" count="0" type="stmt"/>
      <line num="32" count="0" type="stmt"/>
      <line num="34" count="0" type="cond" truecount="0" falsecount="2"/>
      <line num="35" count="0" type="stmt"/>
      <line num="38" count="0" type="stmt"/>
      <line num="39" count="0" type="stmt"/>
      <line num="40" count="0" type="stmt"/>
      <line num="41" count="0" type="stmt"/>
      <line num="42" count="0" type="stmt"/>
      <line num="43" count="0" type="stmt"/>
      <line num="48" count="1" type="stmt"/>
      <line num="54" count="0" type="stmt"/>
      <line num="57" count="0" type="stmt"/>
      <line num="76" count="0" type="stmt"/>
      <line num="80" count="0" type="stmt"/>
      <line num="86" count="0" type="stmt"/>
      <line num="89" count="0" type="stmt"/>
    </file>
  </project>
</coverage>
