{"/var/www/html/upgrade/src/App.js": {"path":"/var/www/html/upgrade/src/App.js","statementMap":{"0":{"start":{"line":3,"column":16},"end":{"line":11,"column":1}},"1":{"start":{"line":4,"column":2},"end":{"line":9,"column":3}},"2":{"start":{"line":5,"column":4},"end":{"line":5,"column":22}},"3":{"start":{"line":7,"column":7},"end":{"line":9,"column":3}},"4":{"start":{"line":8,"column":4},"end":{"line":8,"column":23}},"5":{"start":{"line":10,"column":2},"end":{"line":10,"column":15}},"6":{"start":{"line":14,"column":26},"end":{"line":14,"column":48}},"7":{"start":{"line":15,"column":38},"end":{"line":15,"column":50}},"8":{"start":{"line":16,"column":30},"end":{"line":16,"column":42}},"9":{"start":{"line":17,"column":33},"end":{"line":17,"column":45}},"10":{"start":{"line":19,"column":22},"end":{"line":24,"column":3}},"11":{"start":{"line":20,"column":24},"end":{"line":22,"column":6}},"12":{"start":{"line":21,"column":6},"end":{"line":21,"column":26}},"13":{"start":{"line":23,"column":4},"end":{"line":23,"column":29}},"14":{"start":{"line":26,"column":19},"end":{"line":46,"column":3}},"15":{"start":{"line":27,"column":4},"end":{"line":45,"column":5}},"16":{"start":{"line":28,"column":6},"end":{"line":28,"column":44}},"17":{"start":{"line":31,"column":20},"end":{"line":33,"column":8}},"18":{"start":{"line":32,"column":8},"end":{"line":32,"column":38}},"19":{"start":{"line":34,"column":6},"end":{"line":44,"column":7}},"20":{"start":{"line":35,"column":8},"end":{"line":35,"column":70}},"21":{"start":{"line":38,"column":24},"end":{"line":38,"column":46}},"22":{"start":{"line":39,"column":25},"end":{"line":39,"column":59}},"23":{"start":{"line":40,"column":30},"end":{"line":40,"column":52}},"24":{"start":{"line":41,"column":8},"end":{"line":41,"column":33}},"25":{"start":{"line":42,"column":8},"end":{"line":42,"column":26}},"26":{"start":{"line":43,"column":8},"end":{"line":43,"column":41}},"27":{"start":{"line":48,"column":2},"end":{"line":95,"column":4}},"28":{"start":{"line":54,"column":35},"end":{"line":54,"column":58}},"29":{"start":{"line":57,"column":35},"end":{"line":57,"column":58}},"30":{"start":{"line":76,"column":34},"end":{"line":76,"column":68}},"31":{"start":{"line":76,"column":68},"end":{"line":76,"column":82}},"32":{"start":{"line":80,"column":33},"end":{"line":80,"column":43}},"33":{"start":{"line":86,"column":14},"end":{"line":90,"column":20}},"34":{"start":{"line":89,"column":58},"end":{"line":89,"column":79}}},"fnMap":{"0":{"name":"(anonymous_0)","decl":{"start":{"line":3,"column":16},"end":{"line":3,"column":17}},"loc":{"start":{"line":3,"column":34},"end":{"line":11,"column":1}},"line":3},"1":{"name":"App","decl":{"start":{"line":13,"column":9},"end":{"line":13,"column":12}},"loc":{"start":{"line":13,"column":15},"end":{"line":96,"column":1}},"line":13},"2":{"name":"(anonymous_2)","decl":{"start":{"line":19,"column":22},"end":{"line":19,"column":23}},"loc":{"start":{"line":19,"column":30},"end":{"line":24,"column":3}},"line":19},"3":{"name":"(anonymous_3)","decl":{"start":{"line":20,"column":38},"end":{"line":20,"column":39}},"loc":{"start":{"line":20,"column":45},"end":{"line":22,"column":5}},"line":20},"4":{"name":"(anonymous_4)","decl":{"start":{"line":26,"column":19},"end":{"line":26,"column":20}},"loc":{"start":{"line":26,"column":25},"end":{"line":46,"column":3}},"line":26},"5":{"name":"(anonymous_5)","decl":{"start":{"line":31,"column":32},"end":{"line":31,"column":33}},"loc":{"start":{"line":31,"column":38},"end":{"line":33,"column":7}},"line":31},"6":{"name":"(anonymous_6)","decl":{"start":{"line":54,"column":29},"end":{"line":54,"column":30}},"loc":{"start":{"line":54,"column":35},"end":{"line":54,"column":58}},"line":54},"7":{"name":"(anonymous_7)","decl":{"start":{"line":57,"column":29},"end":{"line":57,"column":30}},"loc":{"start":{"line":57,"column":35},"end":{"line":57,"column":58}},"line":57},"8":{"name":"(anonymous_8)","decl":{"start":{"line":76,"column":24},"end":{"line":76,"column":25}},"loc":{"start":{"line":76,"column":33},"end":{"line":76,"column":83}},"line":76},"9":{"name":"(anonymous_9)","decl":{"start":{"line":80,"column":29},"end":{"line":80,"column":30}},"loc":{"start":{"line":80,"column":33},"end":{"line":80,"column":43}},"line":80},"10":{"name":"(anonymous_10)","decl":{"start":{"line":85,"column":22},"end":{"line":85,"column":23}},"loc":{"start":{"line":86,"column":14},"end":{"line":90,"column":20}},"line":86},"11":{"name":"(anonymous_11)","decl":{"start":{"line":89,"column":54},"end":{"line":89,"column":55}},"loc":{"start":{"line":89,"column":58},"end":{"line":89,"column":79}},"line":89}},"branchMap":{"0":{"loc":{"start":{"line":4,"column":2},"end":{"line":9,"column":3}},"type":"if","locations":[{"start":{"line":4,"column":2},"end":{"line":9,"column":3}},{"start":{"line":7,"column":7},"end":{"line":9,"column":3}}],"line":4},"1":{"loc":{"start":{"line":7,"column":7},"end":{"line":9,"column":3}},"type":"if","locations":[{"start":{"line":7,"column":7},"end":{"line":9,"column":3}},{"start":{},"end":{}}],"line":7},"2":{"loc":{"start":{"line":7,"column":10},"end":{"line":7,"column":45}},"type":"binary-expr","locations":[{"start":{"line":7,"column":10},"end":{"line":7,"column":19}},{"start":{"line":7,"column":23},"end":{"line":7,"column":45}}],"line":7},"3":{"loc":{"start":{"line":27,"column":4},"end":{"line":45,"column":5}},"type":"if","locations":[{"start":{"line":27,"column":4},"end":{"line":45,"column":5}},{"start":{"line":30,"column":8},"end":{"line":45,"column":5}}],"line":27},"4":{"loc":{"start":{"line":34,"column":6},"end":{"line":44,"column":7}},"type":"if","locations":[{"start":{"line":34,"column":6},"end":{"line":44,"column":7}},{"start":{"line":37,"column":10},"end":{"line":44,"column":7}}],"line":34}},"s":{"0":1,"1":0,"2":0,"3":0,"4":0,"5":0,"6":1,"7":1,"8":1,"9":1,"10":1,"11":0,"12":0,"13":0,"14":1,"15":0,"16":0,"17":0,"18":0,"19":0,"20":0,"21":0,"22":0,"23":0,"24":0,"25":0,"26":0,"27":1,"28":0,"29":0,"30":0,"31":0,"32":0,"33":0,"34":0},"f":{"0":0,"1":1,"2":0,"3":0,"4":0,"5":0,"6":0,"7":0,"8":0,"9":0,"10":0,"11":0},"b":{"0":[0,0],"1":[0,0],"2":[0,0],"3":[0,0],"4":[0,0]},"_coverageSchema":"1a1c01bbd47fc00a2c39e90264f33305004495a9","hash":"e9e5e95b7d9d504a45d0ff5427d93d4cc3123bf1"}
}
